# JRE version: OpenJDK Runtime Environment Temurin-21.0.8+9 (21.0.8+9) (build 21.0.8+9-LTS)
# Java VM: OpenJDK 64-Bit Server VM Temurin-21.0.8+9 (21.0.8+9-LTS, mixed mode, sharing, tiered, compressed oops, compressed class ptrs, parallel gc, windows-amd64)
GC Precious Log:
 CardTable entry size: 512
 CPUs: 16 total, 16 available
 Memory: 16070M
 Large Page Support: Disabled
 NUMA Support: Disabled
 Compressed Oops: Enabled (32-bit)
 Alignments: Space 512K, Generation 512K, Heap 2M
 Heap Min Capacity: 100M
 Heap Initial Capacity: 100M
 Heap Max Capacity: 2G
 Pre-touch: Disabled
 Parallel Workers: 13
Heap:
 PSYoungGen      total 3072K, used 1107K [0x00000000d5580000, 0x00000000d5a80000, 0x0000000100000000)
  eden space 2560K, 25% used [0x00000000d5580000,0x00000000d5624f68,0x00000000d5800000)
  from space 512K, 87% used [0x00000000d5a00000,0x00000000d5a70000,0x00000000d5a80000)
  to   space 512K, 0% used [0x00000000d5980000,0x00000000d5980000,0x00000000d5a00000)
 ParOldGen       total 1290752K, used 330892K [0x0000000080000000, 0x00000000cec80000, 0x00000000d5580000)
  object space 1290752K, 25% used [0x0000000080000000,0x0000000094323378,0x00000000cec80000)
 Metaspace       used 65474K, committed 66816K, reserved 1114112K
  class space    used 6563K, committed 7168K, reserved 1048576K
GC Heap History (20 events):
Event: 339.206 GC heap before
{Heap before GC invocations=3816 (full 4):
 PSYoungGen      total 3072K, used 2784K [0x00000000d5580000, 0x00000000d5a80000, 0x0000000100000000)
  eden space 2560K, 100% used [0x00000000d5580000,0x00000000d5800000,0x00000000d5800000)
  from space 512K, 43% used [0x00000000d5a00000,0x00000000d5a38000,0x00000000d5a80000)
  to   space 512K, 0% used [0x00000000d5980000,0x00000000d5980000,0x00000000d5a00000)
 ParOldGen       total 1290752K, used 330224K [0x0000000080000000, 0x00000000cec80000, 0x00000000d5580000)
  object space 1290752K, 25% used [0x0000000080000000,0x000000009427c278,0x00000000cec80000)
 Metaspace       used 63640K, committed 64960K, reserved 1114112K
  class space    used 6258K, committed 6848K, reserved 1048576K
}
Event: 339.207 GC heap after
{Heap after GC invocations=3816 (full 4):
 PSYoungGen      total 3072K, used 192K [0x00000000d5580000, 0x00000000d5a80000, 0x0000000100000000)
  eden space 2560K, 0% used [0x00000000d5580000,0x00000000d5580000,0x00000000d5800000)
  from space 512K, 37% used [0x00000000d5980000,0x00000000d59b0000,0x00000000d5a00000)
  to   space 512K, 0% used [0x00000000d5a00000,0x00000000d5a00000,0x00000000d5a80000)
 ParOldGen       total 1290752K, used 330248K [0x0000000080000000, 0x00000000cec80000, 0x00000000d5580000)
  object space 1290752K, 25% used [0x0000000080000000,0x0000000094282278,0x00000000cec80000)
 Metaspace       used 63640K, committed 64960K, reserved 1114112K
  class space    used 6258K, committed 6848K, reserved 1048576K
}
Event: 349.986 GC heap before
{Heap before GC invocations=3817 (full 4):
 PSYoungGen      total 3072K, used 2751K [0x00000000d5580000, 0x00000000d5a80000, 0x0000000100000000)
  eden space 2560K, 99% used [0x00000000d5580000,0x00000000d57ffff8,0x00000000d5800000)
  from space 512K, 37% used [0x00000000d5980000,0x00000000d59b0000,0x00000000d5a00000)
  to   space 512K, 0% used [0x00000000d5a00000,0x00000000d5a00000,0x00000000d5a80000)
 ParOldGen       total 1290752K, used 330248K [0x0000000080000000, 0x00000000cec80000, 0x00000000d5580000)
  object space 1290752K, 25% used [0x0000000080000000,0x0000000094282278,0x00000000cec80000)
 Metaspace       used 63640K, committed 64960K, reserved 1114112K
  class space    used 6258K, committed 6848K, reserved 1048576K
}
Event: 349.986 GC heap after
{Heap after GC invocations=3817 (full 4):
 PSYoungGen      total 3072K, used 288K [0x00000000d5580000, 0x00000000d5a80000, 0x0000000100000000)
  eden space 2560K, 0% used [0x00000000d5580000,0x00000000d5580000,0x00000000d5800000)
  from space 512K, 56% used [0x00000000d5a00000,0x00000000d5a48000,0x00000000d5a80000)
  to   space 512K, 0% used [0x00000000d5980000,0x00000000d5980000,0x00000000d5a00000)
 ParOldGen       total 1290752K, used 330304K [0x0000000080000000, 0x00000000cec80000, 0x00000000d5580000)
  object space 1290752K, 25% used [0x0000000080000000,0x0000000094290278,0x00000000cec80000)
 Metaspace       used 63640K, committed 64960K, reserved 1114112K
  class space    used 6258K, committed 6848K, reserved 1048576K
}
Event: 362.983 GC heap before
{Heap before GC invocations=3818 (full 4):
 PSYoungGen      total 3072K, used 2848K [0x00000000d5580000, 0x00000000d5a80000, 0x0000000100000000)
  eden space 2560K, 100% used [0x00000000d5580000,0x00000000d5800000,0x00000000d5800000)
  from space 512K, 56% used [0x00000000d5a00000,0x00000000d5a48000,0x00000000d5a80000)
  to   space 512K, 0% used [0x00000000d5980000,0x00000000d5980000,0x00000000d5a00000)
 ParOldGen       total 1290752K, used 330304K [0x0000000080000000, 0x00000000cec80000, 0x00000000d5580000)
  object space 1290752K, 25% used [0x0000000080000000,0x0000000094290278,0x00000000cec80000)
 Metaspace       used 63640K, committed 64960K, reserved 1114112K
  class space    used 6258K, committed 6848K, reserved 1048576K
}
Event: 362.984 GC heap after
{Heap after GC invocations=3818 (full 4):
 PSYoungGen      total 3072K, used 160K [0x00000000d5580000, 0x00000000d5a80000, 0x0000000100000000)
  eden space 2560K, 0% used [0x00000000d5580000,0x00000000d5580000,0x00000000d5800000)
  from space 512K, 31% used [0x00000000d5980000,0x00000000d59a8000,0x00000000d5a00000)
  to   space 512K, 0% used [0x00000000d5a00000,0x00000000d5a00000,0x00000000d5a80000)
 ParOldGen       total 1290752K, used 330344K [0x0000000080000000, 0x00000000cec80000, 0x00000000d5580000)
  object space 1290752K, 25% used [0x0000000080000000,0x000000009429a278,0x00000000cec80000)
 Metaspace       used 63640K, committed 64960K, reserved 1114112K
  class space    used 6258K, committed 6848K, reserved 1048576K
}
Event: 386.445 GC heap before
{Heap before GC invocations=3819 (full 4):
 PSYoungGen      total 3072K, used 2720K [0x00000000d5580000, 0x00000000d5a80000, 0x0000000100000000)
  eden space 2560K, 100% used [0x00000000d5580000,0x00000000d5800000,0x00000000d5800000)
  from space 512K, 31% used [0x00000000d5980000,0x00000000d59a8000,0x00000000d5a00000)
  to   space 512K, 0% used [0x00000000d5a00000,0x00000000d5a00000,0x00000000d5a80000)
 ParOldGen       total 1290752K, used 330344K [0x0000000080000000, 0x00000000cec80000, 0x00000000d5580000)
  object space 1290752K, 25% used [0x0000000080000000,0x000000009429a278,0x00000000cec80000)
 Metaspace       used 63641K, committed 64960K, reserved 1114112K
  class space    used 6258K, committed 6848K, reserved 1048576K
}
Event: 386.446 GC heap after
{Heap after GC invocations=3819 (full 4):
 PSYoungGen      total 3072K, used 384K [0x00000000d5580000, 0x00000000d5a80000, 0x0000000100000000)
  eden space 2560K, 0% used [0x00000000d5580000,0x00000000d5580000,0x00000000d5800000)
  from space 512K, 75% used [0x00000000d5a00000,0x00000000d5a60000,0x00000000d5a80000)
  to   space 512K, 0% used [0x00000000d5980000,0x00000000d5980000,0x00000000d5a00000)
 ParOldGen       total 1290752K, used 330344K [0x0000000080000000, 0x00000000cec80000, 0x00000000d5580000)
  object space 1290752K, 25% used [0x0000000080000000,0x000000009429a278,0x00000000cec80000)
 Metaspace       used 63641K, committed 64960K, reserved 1114112K
  class space    used 6258K, committed 6848K, reserved 1048576K
}
Event: 387.545 GC heap before
{Heap before GC invocations=3820 (full 4):
 PSYoungGen      total 3072K, used 2944K [0x00000000d5580000, 0x00000000d5a80000, 0x0000000100000000)
  eden space 2560K, 100% used [0x00000000d5580000,0x00000000d5800000,0x00000000d5800000)
  from space 512K, 75% used [0x00000000d5a00000,0x00000000d5a60000,0x00000000d5a80000)
  to   space 512K, 0% used [0x00000000d5980000,0x00000000d5980000,0x00000000d5a00000)
 ParOldGen       total 1290752K, used 330344K [0x0000000080000000, 0x00000000cec80000, 0x00000000d5580000)
  object space 1290752K, 25% used [0x0000000080000000,0x000000009429a278,0x00000000cec80000)
 Metaspace       used 63642K, committed 64960K, reserved 1114112K
  class space    used 6258K, committed 6848K, reserved 1048576K
}
Event: 387.546 GC heap after
{Heap after GC invocations=3820 (full 4):
 PSYoungGen      total 3072K, used 192K [0x00000000d5580000, 0x00000000d5a80000, 0x0000000100000000)
  eden space 2560K, 0% used [0x00000000d5580000,0x00000000d5580000,0x00000000d5800000)
  from space 512K, 37% used [0x00000000d5980000,0x00000000d59b0000,0x00000000d5a00000)
  to   space 512K, 0% used [0x00000000d5a00000,0x00000000d5a00000,0x00000000d5a80000)
 ParOldGen       total 1290752K, used 330400K [0x0000000080000000, 0x00000000cec80000, 0x00000000d5580000)
  object space 1290752K, 25% used [0x0000000080000000,0x00000000942a8278,0x00000000cec80000)
 Metaspace       used 63642K, committed 64960K, reserved 1114112K
  class space    used 6258K, committed 6848K, reserved 1048576K
}
Event: 389.334 GC heap before
{Heap before GC invocations=3821 (full 4):
 PSYoungGen      total 3072K, used 2739K [0x00000000d5580000, 0x00000000d5a80000, 0x0000000100000000)
  eden space 2560K, 99% used [0x00000000d5580000,0x00000000d57fcf00,0x00000000d5800000)
  from space 512K, 37% used [0x00000000d5980000,0x00000000d59b0000,0x00000000d5a00000)
  to   space 512K, 0% used [0x00000000d5a00000,0x00000000d5a00000,0x00000000d5a80000)
 ParOldGen       total 1290752K, used 330400K [0x0000000080000000, 0x00000000cec80000, 0x00000000d5580000)
  object space 1290752K, 25% used [0x0000000080000000,0x00000000942a8278,0x00000000cec80000)
 Metaspace       used 63752K, committed 65024K, reserved 1114112K
  class space    used 6274K, committed 6848K, reserved 1048576K
}
Event: 389.335 GC heap after
{Heap after GC invocations=3821 (full 4):
 PSYoungGen      total 3072K, used 256K [0x00000000d5580000, 0x00000000d5a80000, 0x0000000100000000)
  eden space 2560K, 0% used [0x00000000d5580000,0x00000000d5580000,0x00000000d5800000)
  from space 512K, 50% used [0x00000000d5a00000,0x00000000d5a40000,0x00000000d5a80000)
  to   space 512K, 0% used [0x00000000d5980000,0x00000000d5980000,0x00000000d5a00000)
 ParOldGen       total 1290752K, used 330408K [0x0000000080000000, 0x00000000cec80000, 0x00000000d5580000)
  object space 1290752K, 25% used [0x0000000080000000,0x00000000942aa278,0x00000000cec80000)
 Metaspace       used 63752K, committed 65024K, reserved 1114112K
  class space    used 6274K, committed 6848K, reserved 1048576K
}
Event: 389.355 GC heap before
{Heap before GC invocations=3822 (full 4):
 PSYoungGen      total 3072K, used 2816K [0x00000000d5580000, 0x00000000d5a80000, 0x0000000100000000)
  eden space 2560K, 100% used [0x00000000d5580000,0x00000000d5800000,0x00000000d5800000)
  from space 512K, 50% used [0x00000000d5a00000,0x00000000d5a40000,0x00000000d5a80000)
  to   space 512K, 0% used [0x00000000d5980000,0x00000000d5980000,0x00000000d5a00000)
 ParOldGen       total 1290752K, used 330408K [0x0000000080000000, 0x00000000cec80000, 0x00000000d5580000)
  object space 1290752K, 25% used [0x0000000080000000,0x00000000942aa278,0x00000000cec80000)
 Metaspace       used 64018K, committed 65344K, reserved 1114112K
  class space    used 6324K, committed 6912K, reserved 1048576K
}
Event: 389.356 GC heap after
{Heap after GC invocations=3822 (full 4):
 PSYoungGen      total 3072K, used 384K [0x00000000d5580000, 0x00000000d5a80000, 0x0000000100000000)
  eden space 2560K, 0% used [0x00000000d5580000,0x00000000d5580000,0x00000000d5800000)
  from space 512K, 75% used [0x00000000d5980000,0x00000000d59e0000,0x00000000d5a00000)
  to   space 512K, 0% used [0x00000000d5a00000,0x00000000d5a00000,0x00000000d5a80000)
 ParOldGen       total 1290752K, used 330416K [0x0000000080000000, 0x00000000cec80000, 0x00000000d5580000)
  object space 1290752K, 25% used [0x0000000080000000,0x00000000942ac278,0x00000000cec80000)
 Metaspace       used 64018K, committed 65344K, reserved 1114112K
  class space    used 6324K, committed 6912K, reserved 1048576K
}
Event: 389.369 GC heap before
{Heap before GC invocations=3823 (full 4):
 PSYoungGen      total 3072K, used 2944K [0x00000000d5580000, 0x00000000d5a80000, 0x0000000100000000)
  eden space 2560K, 100% used [0x00000000d5580000,0x00000000d5800000,0x00000000d5800000)
  from space 512K, 75% used [0x00000000d5980000,0x00000000d59e0000,0x00000000d5a00000)
  to   space 512K, 0% used [0x00000000d5a00000,0x00000000d5a00000,0x00000000d5a80000)
 ParOldGen       total 1290752K, used 330416K [0x0000000080000000, 0x00000000cec80000, 0x00000000d5580000)
  object space 1290752K, 25% used [0x0000000080000000,0x00000000942ac278,0x00000000cec80000)
 Metaspace       used 64324K, committed 65664K, reserved 1114112K
  class space    used 6369K, committed 6976K, reserved 1048576K
}
Event: 389.370 GC heap after
{Heap after GC invocations=3823 (full 4):
 PSYoungGen      total 3072K, used 320K [0x00000000d5580000, 0x00000000d5a80000, 0x0000000100000000)
  eden space 2560K, 0% used [0x00000000d5580000,0x00000000d5580000,0x00000000d5800000)
  from space 512K, 62% used [0x00000000d5a00000,0x00000000d5a50000,0x00000000d5a80000)
  to   space 512K, 0% used [0x00000000d5980000,0x00000000d5980000,0x00000000d5a00000)
 ParOldGen       total 1290752K, used 330564K [0x0000000080000000, 0x00000000cec80000, 0x00000000d5580000)
  object space 1290752K, 25% used [0x0000000080000000,0x00000000942d1378,0x00000000cec80000)
 Metaspace       used 64324K, committed 65664K, reserved 1114112K
  class space    used 6369K, committed 6976K, reserved 1048576K
}
Event: 389.590 GC heap before
{Heap before GC invocations=3824 (full 4):
 PSYoungGen      total 3072K, used 2870K [0x00000000d5580000, 0x00000000d5a80000, 0x0000000100000000)
  eden space 2560K, 99% used [0x00000000d5580000,0x00000000d57fdac8,0x00000000d5800000)
  from space 512K, 62% used [0x00000000d5a00000,0x00000000d5a50000,0x00000000d5a80000)
  to   space 512K, 0% used [0x00000000d5980000,0x00000000d5980000,0x00000000d5a00000)
 ParOldGen       total 1290752K, used 330564K [0x0000000080000000, 0x00000000cec80000, 0x00000000d5580000)
  object space 1290752K, 25% used [0x0000000080000000,0x00000000942d1378,0x00000000cec80000)
 Metaspace       used 64632K, committed 65984K, reserved 1114112K
  class space    used 6425K, committed 7040K, reserved 1048576K
}
Event: 389.592 GC heap after
{Heap after GC invocations=3824 (full 4):
 PSYoungGen      total 3072K, used 128K [0x00000000d5580000, 0x00000000d5a80000, 0x0000000100000000)
  eden space 2560K, 0% used [0x00000000d5580000,0x00000000d5580000,0x00000000d5800000)
  from space 512K, 25% used [0x00000000d5980000,0x00000000d59a0000,0x00000000d5a00000)
  to   space 512K, 0% used [0x00000000d5a00000,0x00000000d5a00000,0x00000000d5a80000)
 ParOldGen       total 1290752K, used 330612K [0x0000000080000000, 0x00000000cec80000, 0x00000000d5580000)
  object space 1290752K, 25% used [0x0000000080000000,0x00000000942dd378,0x00000000cec80000)
 Metaspace       used 64632K, committed 65984K, reserved 1114112K
  class space    used 6425K, committed 7040K, reserved 1048576K
}
Event: 389.605 GC heap before
{Heap before GC invocations=3825 (full 4):
 PSYoungGen      total 3072K, used 2688K [0x00000000d5580000, 0x00000000d5a80000, 0x0000000100000000)
  eden space 2560K, 100% used [0x00000000d5580000,0x00000000d5800000,0x00000000d5800000)
  from space 512K, 25% used [0x00000000d5980000,0x00000000d59a0000,0x00000000d5a00000)
  to   space 512K, 0% used [0x00000000d5a00000,0x00000000d5a00000,0x00000000d5a80000)
 ParOldGen       total 1290752K, used 330612K [0x0000000080000000, 0x00000000cec80000, 0x00000000d5580000)
  object space 1290752K, 25% used [0x0000000080000000,0x00000000942dd378,0x00000000cec80000)
 Metaspace       used 64903K, committed 66240K, reserved 1114112K
  class space    used 6475K, committed 7040K, reserved 1048576K
}
Event: 389.607 GC heap after
{Heap after GC invocations=3825 (full 4):
 PSYoungGen      total 3072K, used 224K [0x00000000d5580000, 0x00000000d5a80000, 0x0000000100000000)
  eden space 2560K, 0% used [0x00000000d5580000,0x00000000d5580000,0x00000000d5800000)
  from space 512K, 43% used [0x00000000d5a00000,0x00000000d5a38000,0x00000000d5a80000)
  to   space 512K, 0% used [0x00000000d5980000,0x00000000d5980000,0x00000000d5a00000)
 ParOldGen       total 1290752K, used 330708K [0x0000000080000000, 0x00000000cec80000, 0x00000000d5580000)
  object space 1290752K, 25% used [0x0000000080000000,0x00000000942f5378,0x00000000cec80000)
 Metaspace       used 64903K, committed 66240K, reserved 1114112K
  class space    used 6475K, committed 7040K, reserved 1048576K
}

